<?xml version="1.0" encoding="UTF-8"?>
<!-- Generated by org.testng.reporters.JUnitReportReporter -->
<testsuite skipped="0" hostname="DESKTOP-E7FKFB3" name="TestPackage.NewTest" tests="1" failures="0" timestamp="24 Feb 2018 17:59:46 GMT" time="11.385" errors="0">
  <testcase name="mavenTest" time="11.385" classname="TestPackage.NewTest"/>
</testsuite> <!-- TestPackage.NewTest -->
