<?xml version="1.0" encoding="UTF-8"?>
<!-- Generated by org.testng.reporters.JUnitReportReporter -->
<testsuite skipped="0" hostname="DESKTOP-E7FKFB3" name="NewTest" tests="1" failures="0" timestamp="24 Feb 2018 17:47:22 GMT" time="16.911" errors="0">
  <testcase name="mavenTest" time="16.911" classname="NewTest"/>
</testsuite> <!-- NewTest -->
